[INFO] 20:20:21:222 tp0/(5611:5611): Soy un log
[INFO] 20:21:12:650 tp0/(5683:5683): Soy un log
[INFO] 20:27:29:870 tp0/(5903:5903): Soy un log
[INFO] 20:32:11:78 tp0/(6121:6121): Soy un log
[INFO] 20:32:11:79 tp0/(6121:6121): Conexi贸n creada - Socket 4
[INFO] 20:37:42:70 tp0/(6216:6216): Soy un log
[INFO] 20:37:42:70 tp0/(6216:6216): Conexi贸n creada - Socket 4
[INFO] 20:39:58:86 tp0/(6319:6319): Soy un log
[INFO] 20:39:58:86 tp0/(6319:6319): Conexi贸n creada - Socket 4
[INFO] 20:41:02:536 tp0/(6389:6389): Soy un log
[INFO] 20:41:02:536 tp0/(6389:6389): Conexi贸n creada - Socket 4
[INFO] 20:44:16:88 tp0/(6494:6494): Soy un log
[INFO] 20:44:16:88 tp0/(6494:6494): Conexi贸n creada - Socket 4
[INFO] 20:52:49:506 tp0/(6602:6602): Soy un log
[INFO] 20:52:49:506 tp0/(6602:6602): Conexi贸n creada - Socket 4
[INFO] 15:43:49:346 tp0/(5046:5046): Soy un log
[INFO] 15:43:49:346 tp0/(5046:5046): Conexi贸n creada - Socket 4
[INFO] 15:49:22:295 tp0/(5205:5205): Soy un log
[INFO] 15:49:22:301 tp0/(5205:5205): Conexi贸n creada - Socket 4
[INFO] 15:50:54:25 tp0/(5274:5274): Soy un log
[INFO] 15:50:54:25 tp0/(5274:5274): Conexi贸n creada - Socket 4
[INFO] 15:55:55:100 tp0/(5358:5358): Soy un log
[INFO] 15:55:55:101 tp0/(5358:5358): Conexi贸n creada - Socket 4
[INFO] 16:23:31:784 tp0/(5654:5654): Soy un log
[INFO] 16:23:31:784 tp0/(5654:5654): Conexi贸n creada - Socket 4
[INFO] 16:27:45:698 tp0/(5818:5818): Soy un log
[INFO] 16:27:45:698 tp0/(5818:5818): Conexi贸n creada - Socket 4
[INFO] 16:28:30:46 tp0/(5898:5898): Soy un log
[INFO] 16:28:30:47 tp0/(5898:5898): Conexi贸n creada - Socket 4
[INFO] 16:39:12:171 tp0/(6074:6074): Soy un log
[INFO] 16:39:12:171 tp0/(6074:6074): Conexi贸n creada - Socket 4
[INFO] 16:42:50:489 tp0/(7083:7083): Soy un log
[INFO] 16:42:50:497 tp0/(7083:7083): Conexi贸n creada - Socket 4
[INFO] 16:45:57:460 tp0/(9479:9479): Soy un log
[INFO] 16:45:57:460 tp0/(9479:9479): Conexi贸n creada - Socket 4
[INFO] 16:50:55:420 tp0/(9601:9601): Soy un log
[INFO] 16:50:55:421 tp0/(9601:9601): Conexi贸n creada - Socket 4
[INFO] 16:52:22:351 tp0/(4128:4128): Soy un log
[INFO] 16:52:22:367 tp0/(4128:4128): Conexi贸n creada - Socket 4
[INFO] 16:52:57:211 tp0/(17259:17259): Soy un log
[INFO] 16:52:57:211 tp0/(17259:17259): Conexi贸n creada - Socket 4
[INFO] 16:55:13:931 tp0/(17315:17315): Soy un log
[INFO] 16:55:13:932 tp0/(17315:17315): Conexi贸n creada - Socket 4
[INFO] 16:57:23:773 tp0/(17403:17403): Soy un log
[INFO] 16:57:23:774 tp0/(17403:17403): Conexi贸n creada - Socket 4
[INFO] 17:00:51:297 tp0/(17453:17453): Soy un log
[INFO] 17:00:51:297 tp0/(17453:17453): Conexi贸n creada - Socket 4
[INFO] 17:01:42:630 tp0/(17490:17490): Soy un log
[INFO] 17:01:42:631 tp0/(17490:17490): Conexi贸n creada - Socket 4
[INFO] 17:04:50:702 tp0/(17571:17571): Soy un log
[INFO] 17:04:50:703 tp0/(17571:17571): Conexi贸n creada - Socket 4
[INFO] 17:21:18:751 tp0/(17808:17808): Soy un log
[INFO] 17:21:18:751 tp0/(17808:17808): Conexi贸n creada - Socket 4
[INFO] 17:21:18:755 tp0/(17808:17808): zw防zwx	B	
[INFO] 17:23:56:2 tp0/(17927:17927): Soy un log
[INFO] 17:23:56:3 tp0/(17927:17927): Conexi贸n creada - Socket 4
[INFO] 17:23:56:3 tp0/(17927:17927): 
[INFO] 17:24:36:457 tp0/(17963:17963): Soy un log
[INFO] 17:24:36:470 tp0/(17963:17963): Conexi贸n creada - Socket 4
[INFO] 17:24:36:477 tp0/(17963:17963): 
[INFO] 17:25:11:305 tp0/(18000:18000): Soy un log
[INFO] 17:25:11:306 tp0/(18000:18000): Conexi贸n creada - Socket 4
[INFO] 17:27:01:322 tp0/(18098:18098): Soy un log
[INFO] 17:27:01:324 tp0/(18098:18098): Conexi贸n creada - Socket 4
[INFO] 17:27:44:670 tp0/(18098:18098): 廓s防sxx324 tp0/(18098:18098): Conexi贸n creada - SocketH
[INFO] 21:49:27:694 tp0/(4518:4518): Soy un log
[INFO] 21:49:27:694 tp0/(4518:4518): Conexi贸n creada - Socket 4
[INFO] 21:49:27:717 tp0/(4518:4518): franco puto
[INFO] 22:04:49:744 tp0/(4869:4869): Soy un log
[INFO] 22:04:49:745 tp0/(4869:4869): Conexi贸n creada - Socket 4
[INFO] 22:04:49:745 tp0/(4869:4869): franco puto
[INFO] 13:47:51:346 tp0/(4515:4515): Soy un log
[INFO] 13:47:51:347 tp0/(4515:4515): Conexi贸n creada - Socket 4
[INFO] 13:47:51:350 tp0/(4515:4515): franco puto
[INFO] 13:52:24:762 tp0/(4769:4769): Soy un log
[INFO] 13:52:24:913 tp0/(4769:4769): Conexi贸n creada - Socket 4
[INFO] 13:52:24:950 tp0/(4769:4769): franco puto
[INFO] 13:55:12:301 tp0/(4858:4858): Soy un log
[INFO] 13:55:12:863 tp0/(4858:4858): Conexi贸n creada - Socket 4
[INFO] 13:55:12:918 tp0/(4858:4858): franco puto
[INFO] 14:05:50:398 tp0/(5066:5066): Soy un log
[INFO] 14:05:50:398 tp0/(5066:5066): Conexi贸n creada - Socket 4
[INFO] 14:05:50:399 tp0/(5066:5066): franco puto
[INFO] 14:06:24:811 tp0/(5093:5093): Soy un log
[INFO] 14:06:24:811 tp0/(5093:5093): Conexi贸n creada - Socket 4
[INFO] 14:06:24:815 tp0/(5093:5093): franco puto
[INFO] 14:11:36:548 tp0/(5156:5156): Soy un log
[INFO] 14:11:36:721 tp0/(5156:5156): Conexi贸n creada - Socket 4
[INFO] 14:11:36:748 tp0/(5156:5156): franco puto
[INFO] 14:12:34:782 tp0/(5192:5192): Soy un log
[INFO] 14:12:34:957 tp0/(5192:5192): Conexi贸n creada - Socket 4
[INFO] 14:12:34:983 tp0/(5192:5192): franco puto
[INFO] 14:13:31:203 tp0/(5226:5226): Soy un log
[INFO] 14:13:31:371 tp0/(5226:5226): Conexi贸n creada - Socket 4
[INFO] 14:13:31:397 tp0/(5226:5226): franco puto
[INFO] 19:00:16:435 tp0/(4488:4488): Soy un log
[INFO] 19:00:16:590 tp0/(4488:4488): Conexi贸n creada - Socket 4
[INFO] 19:00:16:614 tp0/(4488:4488): franco puto
[INFO] 19:01:14:726 tp0/(4530:4530): Soy un log
[INFO] 19:01:14:922 tp0/(4530:4530): Conexi贸n creada - Socket 4
[INFO] 19:01:14:948 tp0/(4530:4530): franco puto
[INFO] 19:01:33:214 tp0/(4535:4535): Soy un log
[INFO] 19:01:34:462 tp0/(4535:4535): Conexi贸n creada - Socket 4
[INFO] 19:01:34:485 tp0/(4535:4535): franco puto
[INFO] 19:02:03:417 tp0/(4538:4538): Soy un log
[INFO] 19:02:03:574 tp0/(4538:4538): Conexi贸n creada - Socket 4
[INFO] 19:02:03:599 tp0/(4538:4538): franco puto
